<?xml version="1.0" encoding="UTF-8"?>
<!-- Generated by org.testng.reporters.JUnitXMLReporter -->
<testsuite hostname="N-20L6PF15UWFS" ignored="0" name="Default test" tests="3" failures="0" timestamp="17 Nov 2019 19:08:43 GMT" time="21.269" errors="0">
  <testcase name="loginWithDiffrentCredentials" time="7.154" classname="selenium.selfstudy.com.DataProviderTest"/>
  <testcase name="loginWithDiffrentCredentials" time="7.437" classname="selenium.selfstudy.com.DataProviderTest"/>
  <testcase name="loginWithDiffrentCredentials" time="6.226" classname="selenium.selfstudy.com.DataProviderTest"/>
</testsuite> <!-- Default test -->
