<?xml version="1.0" encoding="UTF-8"?>
<testng-results skipped="0" failed="0" ignored="0" total="5" passed="5">
  <reporter-output>
  </reporter-output>
  <suite name="TestSuite" duration-ms="52793" started-at="2019-11-16T20:24:22Z" finished-at="2019-11-16T20:25:14Z">
    <groups>
    </groups>
    <test name="DemoTestChrome" duration-ms="25161" started-at="2019-11-16T20:24:22Z" finished-at="2019-11-16T20:24:47Z">
      <class name="selenium.selfstudy.com.MultiBrowserTesting">
        <test-method status="PASS" signature="runTestInMultipleBrowser(java.lang.String)[pri:0, instance:selenium.selfstudy.com.MultiBrowserTesting@1e397ed7]" name="runTestInMultipleBrowser" duration-ms="25137" started-at="2019-11-17T01:54:22Z" finished-at="2019-11-17T01:54:47Z">
          <params>
            <param index="0">
              <value>
                <![CDATA[chrome]]>
              </value>
            </param>
          </params>
          <reporter-output>
          </reporter-output>
        </test-method> <!-- runTestInMultipleBrowser -->
        <test-method status="PASS" signature="tearDown()[pri:0, instance:selenium.selfstudy.com.MultiBrowserTesting@1e397ed7]" name="tearDown" is-config="true" duration-ms="4" started-at="2019-11-17T01:54:47Z" finished-at="2019-11-17T01:54:47Z">
          <reporter-output>
          </reporter-output>
        </test-method> <!-- tearDown -->
      </class> <!-- selenium.selfstudy.com.MultiBrowserTesting -->
    </test> <!-- DemoTestChrome -->
    <test name="DemoTestFirefox" duration-ms="25161" started-at="2019-11-16T20:24:22Z" finished-at="2019-11-16T20:24:47Z">
      <class name="selenium.selfstudy.com.MultiBrowserTesting">
        <test-method status="PASS" signature="runTestInMultipleBrowser(java.lang.String)[pri:0, instance:selenium.selfstudy.com.MultiBrowserTesting@6e1567f1]" name="runTestInMultipleBrowser" duration-ms="25134" started-at="2019-11-17T01:54:22Z" finished-at="2019-11-17T01:54:47Z">
          <params>
            <param index="0">
              <value>
                <![CDATA[firefox]]>
              </value>
            </param>
          </params>
          <reporter-output>
          </reporter-output>
        </test-method> <!-- runTestInMultipleBrowser -->
        <test-method status="PASS" signature="tearDown()[pri:0, instance:selenium.selfstudy.com.MultiBrowserTesting@6e1567f1]" name="tearDown" is-config="true" duration-ms="0" started-at="2019-11-17T01:54:47Z" finished-at="2019-11-17T01:54:47Z">
          <reporter-output>
          </reporter-output>
        </test-method> <!-- tearDown -->
      </class> <!-- selenium.selfstudy.com.MultiBrowserTesting -->
    </test> <!-- DemoTestFirefox -->
    <test name="seleniumTestCases" duration-ms="52793" started-at="2019-11-16T20:24:22Z" finished-at="2019-11-16T20:25:14Z">
      <class name="selenium.selfstudy.com.DataBaseConnectivityTest">
        <test-method status="PASS" signature="verifyEmployeeDetailAddition()[pri:1, instance:selenium.selfstudy.com.DataBaseConnectivityTest@7d9d1a19]" name="verifyEmployeeDetailAddition" duration-ms="197" started-at="2019-11-17T01:55:14Z" finished-at="2019-11-17T01:55:14Z">
          <reporter-output>
          </reporter-output>
        </test-method> <!-- verifyEmployeeDetailAddition -->
        <test-method status="PASS" signature="getEmployeeDateils()[pri:2, instance:selenium.selfstudy.com.DataBaseConnectivityTest@7d9d1a19]" name="getEmployeeDateils" duration-ms="55" started-at="2019-11-17T01:55:14Z" finished-at="2019-11-17T01:55:14Z">
          <reporter-output>
          </reporter-output>
        </test-method> <!-- getEmployeeDateils -->
      </class> <!-- selenium.selfstudy.com.DataBaseConnectivityTest -->
      <class name="selenium.selfstudy.com.BrokenListTest">
        <test-method status="PASS" signature="veirfyBrokenLinkTest()[pri:0, instance:selenium.selfstudy.com.BrokenListTest@6093dd95]" name="veirfyBrokenLinkTest" duration-ms="52515" started-at="2019-11-17T01:54:22Z" finished-at="2019-11-17T01:55:14Z">
          <reporter-output>
          </reporter-output>
        </test-method> <!-- veirfyBrokenLinkTest -->
      </class> <!-- selenium.selfstudy.com.BrokenListTest -->
    </test> <!-- seleniumTestCases -->
  </suite> <!-- TestSuite -->
</testng-results>
