<?xml version="1.0" encoding="UTF-8"?>
<testng-results skipped="0" failed="0" ignored="0" total="6" passed="6">
  <reporter-output>
  </reporter-output>
  <suite name="Default suite" duration-ms="38669" started-at="2019-11-21T10:23:06Z" finished-at="2019-11-21T10:23:44Z">
    <groups>
    </groups>
    <test name="Default test" duration-ms="38669" started-at="2019-11-21T10:23:06Z" finished-at="2019-11-21T10:23:44Z">
      <class name="selenium.selfstudy.com.DiffrentDataForDiffrentMethodTest">
        <test-method status="PASS" signature="verifyDiffrentDataTest(java.lang.String, java.lang.String)[pri:1, instance:selenium.selfstudy.com.DiffrentDataForDiffrentMethodTest@3ffc5af1]" name="verifyDiffrentDataTest" duration-ms="7177" started-at="2019-11-21T15:53:06Z" data-provider="dataprovider" finished-at="2019-11-21T15:53:13Z">
          <params>
            <param index="0">
              <value>
                <![CDATA[John1]]>
              </value>
            </param>
            <param index="1">
              <value>
                <![CDATA[Smith1]]>
              </value>
            </param>
          </params>
          <reporter-output>
          </reporter-output>
        </test-method> <!-- verifyDiffrentDataTest -->
        <test-method status="PASS" signature="verifyDiffrentDataTest(java.lang.String, java.lang.String)[pri:1, instance:selenium.selfstudy.com.DiffrentDataForDiffrentMethodTest@3ffc5af1]" name="verifyDiffrentDataTest" duration-ms="6162" started-at="2019-11-21T15:53:13Z" data-provider="dataprovider" finished-at="2019-11-21T15:53:19Z">
          <params>
            <param index="0">
              <value>
                <![CDATA[Javin1]]>
              </value>
            </param>
            <param index="1">
              <value>
                <![CDATA[Paul1]]>
              </value>
            </param>
          </params>
          <reporter-output>
          </reporter-output>
        </test-method> <!-- verifyDiffrentDataTest -->
        <test-method status="PASS" signature="verifyDiffrentDataTest(java.lang.String, java.lang.String)[pri:1, instance:selenium.selfstudy.com.DiffrentDataForDiffrentMethodTest@3ffc5af1]" name="verifyDiffrentDataTest" duration-ms="6024" started-at="2019-11-21T15:53:19Z" data-provider="dataprovider" finished-at="2019-11-21T15:53:25Z">
          <params>
            <param index="0">
              <value>
                <![CDATA[James1]]>
              </value>
            </param>
            <param index="1">
              <value>
                <![CDATA[Gosling1]]>
              </value>
            </param>
          </params>
          <reporter-output>
          </reporter-output>
        </test-method> <!-- verifyDiffrentDataTest -->
        <test-method status="PASS" signature="verifySameDataTest(java.lang.String, java.lang.String)[pri:2, instance:selenium.selfstudy.com.DiffrentDataForDiffrentMethodTest@3ffc5af1]" name="verifySameDataTest" duration-ms="6662" started-at="2019-11-21T15:53:25Z" data-provider="dataprovider" finished-at="2019-11-21T15:53:32Z">
          <params>
            <param index="0">
              <value>
                <![CDATA[John]]>
              </value>
            </param>
            <param index="1">
              <value>
                <![CDATA[Smith]]>
              </value>
            </param>
          </params>
          <reporter-output>
          </reporter-output>
        </test-method> <!-- verifySameDataTest -->
        <test-method status="PASS" signature="verifySameDataTest(java.lang.String, java.lang.String)[pri:2, instance:selenium.selfstudy.com.DiffrentDataForDiffrentMethodTest@3ffc5af1]" name="verifySameDataTest" duration-ms="6385" started-at="2019-11-21T15:53:32Z" data-provider="dataprovider" finished-at="2019-11-21T15:53:38Z">
          <params>
            <param index="0">
              <value>
                <![CDATA[Javin]]>
              </value>
            </param>
            <param index="1">
              <value>
                <![CDATA[Paul]]>
              </value>
            </param>
          </params>
          <reporter-output>
          </reporter-output>
        </test-method> <!-- verifySameDataTest -->
        <test-method status="PASS" signature="verifySameDataTest(java.lang.String, java.lang.String)[pri:2, instance:selenium.selfstudy.com.DiffrentDataForDiffrentMethodTest@3ffc5af1]" name="verifySameDataTest" duration-ms="6233" started-at="2019-11-21T15:53:38Z" data-provider="dataprovider" finished-at="2019-11-21T15:53:44Z">
          <params>
            <param index="0">
              <value>
                <![CDATA[James]]>
              </value>
            </param>
            <param index="1">
              <value>
                <![CDATA[Gosling]]>
              </value>
            </param>
          </params>
          <reporter-output>
          </reporter-output>
        </test-method> <!-- verifySameDataTest -->
      </class> <!-- selenium.selfstudy.com.DiffrentDataForDiffrentMethodTest -->
    </test> <!-- Default test -->
  </suite> <!-- Default suite -->
</testng-results>
