<?xml version="1.0" encoding="UTF-8"?>
<!-- Generated by org.testng.reporters.JUnitXMLReporter -->
<testsuite hostname="N-20L6PF15UWFS" ignored="0" name="seleniumTestCases" tests="7" failures="0" timestamp="17 Nov 2019 19:27:36 GMT" time="94.957" errors="0">
  <testcase name="veirfyBrokenLinkTest" time="45.675" classname="selenium.selfstudy.com.BrokenListTest"/>
  <testcase name="readDataTableTest" time="19.43" classname="selenium.selfstudy.com.DataTableReader"/>
  <testcase name="loginWithDiffrentCredentials" time="7.207" classname="selenium.selfstudy.com.DataProviderTest"/>
  <testcase name="loginWithDiffrentCredentials" time="6.458" classname="selenium.selfstudy.com.DataProviderTest"/>
  <testcase name="loginWithDiffrentCredentials" time="6.654" classname="selenium.selfstudy.com.DataProviderTest"/>
  <testcase name="verifyEmployeeDetailAddition" time="0.244" classname="selenium.selfstudy.com.DataBaseConnectivityTest"/>
  <testcase name="getEmployeeDateils" time="0.029" classname="selenium.selfstudy.com.DataBaseConnectivityTest"/>
</testsuite> <!-- seleniumTestCases -->
