<?xml version="1.0" encoding="UTF-8"?>
<!-- Generated by org.testng.reporters.JUnitXMLReporter -->
<testsuite hostname="N-20L6PF15UWFS" ignored="0" name="seleniumTestCases" tests="3" failures="0" timestamp="16 Nov 2019 20:25:14 GMT" time="52.793" errors="0">
  <testcase name="veirfyBrokenLinkTest" time="52.515" classname="selenium.selfstudy.com.BrokenListTest"/>
  <testcase name="verifyEmployeeDetailAddition" time="0.197" classname="selenium.selfstudy.com.DataBaseConnectivityTest"/>
  <testcase name="getEmployeeDateils" time="0.055" classname="selenium.selfstudy.com.DataBaseConnectivityTest"/>
</testsuite> <!-- seleniumTestCases -->
